0 info it worked if it ends with ok
1 verbose cli [ '/usr/bin/node', '/usr/bin/npm', 'run', 'build' ]
2 info using npm@3.5.2
3 info using node@v8.10.0
4 verbose run-script [ 'prebuild', 'build', 'postbuild' ]
5 info lifecycle svelte-app@1.0.0~prebuild: svelte-app@1.0.0
6 silly lifecycle svelte-app@1.0.0~prebuild: no script for prebuild, continuing
7 info lifecycle svelte-app@1.0.0~build: svelte-app@1.0.0
8 verbose lifecycle svelte-app@1.0.0~build: unsafe-perm in lifecycle true
9 verbose lifecycle svelte-app@1.0.0~build: PATH: /usr/share/npm/bin/node-gyp-bin:/mnt/c/Users/Matthew/Documents/Classes/Fall 2021/Comp 426/a99-purplecss/node_modules/.bin:/home/pintomat/.local/bin:/usr/local/sbin:/usr/local/bin:/usr/sbin:/usr/bin:/sbin:/bin:/usr/games:/usr/local/games:/mnt/c/Program Files/Common Files/Oracle/Java/javapath:/mnt/c/Program Files (x86)/VMware/VMware Workstation/bin/:/mnt/c/Program Files (x86)/Common Files/Oracle/Java/javapath:/mnt/c/Windows/system32:/mnt/c/Windows:/mnt/c/Windows/System32/Wbem:/mnt/c/Windows/System32/WindowsPowerShell/v1.0/:/mnt/c/Windows/System32/OpenSSH/:/mnt/c/Program Files/NVIDIA Corporation/NVIDIA NvDLISR:/mnt/c/Program Files (x86)/NVIDIA Corporation/PhysX/Common:/mnt/c/WINDOWS/system32:/mnt/c/WINDOWS:/mnt/c/WINDOWS/System32/Wbem:/mnt/c/WINDOWS/System32/WindowsPowerShell/v1.0/:/mnt/c/WINDOWS/System32/OpenSSH/:/mnt/c/Program Files/Git/cmd:/mnt/c/Users/Matthew/AppData/Local/Microsoft/WindowsApps:/mnt/c/Users/Matthew/AppData/Local/Programs/Microsoft VS Code/bin:/mnt/c/Users/Matthew/AppData/Roaming/TinyTeX/bin/win32:/snap/bin
10 verbose lifecycle svelte-app@1.0.0~build: CWD: /mnt/c/Users/Matthew/Documents/Classes/Fall 2021/Comp 426/a99-purplecss
11 silly lifecycle svelte-app@1.0.0~build: Args: [ '-c', 'rollup -c' ]
12 info lifecycle svelte-app@1.0.0~build: Failed to exec build script
13 verbose stack Error: svelte-app@1.0.0 build: `rollup -c`
13 verbose stack spawn ENOENT
13 verbose stack     at ChildProcess.<anonymous> (/usr/share/npm/lib/utils/spawn.js:17:16)
13 verbose stack     at emitTwo (events.js:126:13)
13 verbose stack     at ChildProcess.emit (events.js:214:7)
13 verbose stack     at maybeClose (internal/child_process.js:925:16)
13 verbose stack     at Process.ChildProcess._handle.onexit (internal/child_process.js:209:5)
14 verbose pkgid svelte-app@1.0.0
15 verbose cwd /mnt/c/Users/Matthew/Documents/Classes/Fall 2021/Comp 426/a99-purplecss
16 error Linux 4.4.0-19041-Microsoft
17 error argv "/usr/bin/node" "/usr/bin/npm" "run" "build"
18 error node v8.10.0
19 error npm  v3.5.2
20 error file sh
21 error code ELIFECYCLE
22 error errno ENOENT
23 error syscall spawn
24 error svelte-app@1.0.0 build: `rollup -c`
24 error spawn ENOENT
25 error Failed at the svelte-app@1.0.0 build script 'rollup -c'.
25 error Make sure you have the latest version of node.js and npm installed.
25 error If you do, this is most likely a problem with the svelte-app package,
25 error not with npm itself.
25 error Tell the author that this fails on your system:
25 error     rollup -c
25 error You can get information on how to open an issue for this project with:
25 error     npm bugs svelte-app
25 error Or if that isn't available, you can get their info via:
25 error     npm owner ls svelte-app
25 error There is likely additional logging output above.
26 verbose exit [ 1, true ]
